<?xml version="1.0" encoding="UTF-8"?>
<testsuite name="co.com.pragma.runners.SerebiiWebRunner" tests="1" skipped="0" failures="1" errors="0" timestamp="2025-12-04T18:29:22.149Z" hostname="CAMILO-RODRIGUE" time="30.969">
  <properties/>
  <testcase name="Navegar en Serebii desde Chrome Mobile" classname="co.com.pragma.runners.SerebiiWebRunner" time="30.969">
    <failure message="net.thucydides.core.webdriver.DriverConfigurationError: Could not instantiate class io.appium.java_client.AppiumDriver" type="net.thucydides.core.webdriver.DriverConfigurationError">net.thucydides.core.webdriver.DriverConfigurationError: Could not instantiate class io.appium.java_client.AppiumDriver
	at app//net.thucydides.core.webdriver.WebDriverFacade.newDriverInstance(WebDriverFacade.java:193)
	at app//net.thucydides.core.webdriver.WebDriverFacade.newProxyDriver(WebDriverFacade.java:181)
	at app//net.thucydides.core.webdriver.WebDriverFacade.getProxiedDriver(WebDriverFacade.java:132)
	at app//net.thucydides.core.webdriver.WebDriverFacade.get(WebDriverFacade.java:221)
	at app//net.serenitybdd.core.pages.PageObject.openPageAtUrl(PageObject.java:985)
	at app//net.serenitybdd.core.pages.PageObject.openUrl(PageObject.java:931)
	at app//net.serenitybdd.screenplay.actions.OpenUrl.performAs(OpenUrl.java:18)
	at app//net.serenitybdd.screenplay.actions.OpenUrl$ByteBuddy$KJhgJaSS.performAs$accessor$OQA3IvWq(Unknown Source)
	at java.base@21.0.7/java.lang.reflect.Method.invoke(Method.java:580)
	at app//net.thucydides.core.steps.StepInterceptor.invokeMethod(StepInterceptor.java:524)
	at app//net.thucydides.core.steps.StepInterceptor.executeTestStepMethod(StepInterceptor.java:504)
	at app//net.thucydides.core.steps.StepInterceptor.runTestStep(StepInterceptor.java:476)
	at app//net.thucydides.core.steps.StepInterceptor.runOrSkipMethod(StepInterceptor.java:218)
	at app//net.thucydides.core.steps.StepInterceptor.testStepResult(StepInterceptor.java:205)
	at app//net.thucydides.core.steps.StepInterceptor.intercept(StepInterceptor.java:93)
	at app//net.thucydides.core.steps.ProxyConfiguration$InterceptorDispatcher.intercept(ProxyConfiguration.java:51)
	at app//net.serenitybdd.screenplay.actions.OpenUrl$ByteBuddy$KJhgJaSS.performAs(Unknown Source)
	at app//net.serenitybdd.screenplay.Actor.performTask(Actor.java:299)
	at app//net.serenitybdd.screenplay.Actor.perform(Actor.java:274)
	at app//net.serenitybdd.screenplay.Actor.attemptsTo(Actor.java:215)
	at app//net.serenitybdd.screenplay.Actor.attemptsTo(Actor.java:222)
	at app//co.com.pragma.tasks.NavigateTo.performAs(NavigateTo.java:19)
	at app//net.serenitybdd.screenplay.Actor.performTask(Actor.java:299)
	at app//net.serenitybdd.screenplay.Actor.perform(Actor.java:274)
	at app//net.serenitybdd.screenplay.Actor.performWithoutReporting(Actor.java:258)
	at app//net.serenitybdd.screenplay.Actor.attemptsTo(Actor.java:213)
	at app//net.serenitybdd.screenplay.Actor.attemptsTo(Actor.java:222)
	at app//co.com.pragma.stepdefinitions.MobileSteps.navigateSerebii(MobileSteps.java:39)
	at ✽.ingresa a la pagina de serebii(file:///C:/Estudio/qa-mobile-proyectobase-appium-screenplay/src/test/resources/features/serebii.feature:6)
Caused by: net.thucydides.core.webdriver.DriverConfigurationError: After several attempts, could not instantiate new WebDriver instance of type class io.appium.java_client.AppiumDriver (NONE). See below for more details.
	at app//net.thucydides.core.webdriver.WebDriverFactory.waitThenRetry(WebDriverFactory.java:187)
	at app//net.thucydides.core.webdriver.WebDriverFactory.waitThenRetry(WebDriverFactory.java:197)
	at app//net.thucydides.core.webdriver.WebDriverFactory.waitThenRetry(WebDriverFactory.java:197)
	at app//net.thucydides.core.webdriver.WebDriverFactory.waitThenRetry(WebDriverFactory.java:197)
	at app//net.thucydides.core.webdriver.WebDriverFactory.waitThenRetry(WebDriverFactory.java:197)
	at app//net.thucydides.core.webdriver.WebDriverFactory.waitThenRetry(WebDriverFactory.java:197)
	at app//net.thucydides.core.webdriver.WebDriverFactory.waitThenRetry(WebDriverFactory.java:197)
	at app//net.thucydides.core.webdriver.WebDriverFactory.waitThenRetry(WebDriverFactory.java:173)
	at app//net.thucydides.core.webdriver.WebDriverFactory.newWebdriverInstance(WebDriverFactory.java:146)
	at app//net.thucydides.core.webdriver.WebDriverFacade.newDriverInstance(WebDriverFacade.java:190)
	at app//net.thucydides.core.webdriver.WebDriverFacade.newProxyDriver(WebDriverFacade.java:181)
	at app//net.thucydides.core.webdriver.WebDriverFacade.getProxiedDriver(WebDriverFacade.java:132)
	at app//net.thucydides.core.webdriver.WebDriverFacade.get(WebDriverFacade.java:221)
	at app//net.serenitybdd.core.pages.PageObject.openPageAtUrl(PageObject.java:985)
	at app//net.serenitybdd.core.pages.PageObject.openUrl(PageObject.java:931)
	at app//net.serenitybdd.screenplay.actions.OpenUrl.performAs(OpenUrl.java:18)
	at app//net.serenitybdd.screenplay.actions.OpenUrl$ByteBuddy$KJhgJaSS.performAs$accessor$OQA3IvWq(Unknown Source)
	at java.base@21.0.7/java.lang.reflect.Method.invoke(Method.java:580)
	at app//net.thucydides.core.steps.StepInterceptor.invokeMethod(StepInterceptor.java:524)
	at app//net.thucydides.core.steps.StepInterceptor.executeTestStepMethod(StepInterceptor.java:504)
	at app//net.thucydides.core.steps.StepInterceptor.runTestStep(StepInterceptor.java:476)
	at app//net.thucydides.core.steps.StepInterceptor.runOrSkipMethod(StepInterceptor.java:218)
	at app//net.thucydides.core.steps.StepInterceptor.testStepResult(StepInterceptor.java:205)
	at app//net.thucydides.core.steps.StepInterceptor.intercept(StepInterceptor.java:93)
	at app//net.thucydides.core.steps.ProxyConfiguration$InterceptorDispatcher.intercept(ProxyConfiguration.java:51)
	at app//net.serenitybdd.screenplay.actions.OpenUrl$ByteBuddy$KJhgJaSS.performAs(Unknown Source)
	at app//net.serenitybdd.screenplay.Actor.performTask(Actor.java:299)
	at app//net.serenitybdd.screenplay.Actor.perform(Actor.java:274)
	at app//net.serenitybdd.screenplay.Actor.attemptsTo(Actor.java:215)
	at app//net.serenitybdd.screenplay.Actor.attemptsTo(Actor.java:222)
	at app//co.com.pragma.tasks.NavigateTo.performAs(NavigateTo.java:19)
	at app//net.serenitybdd.screenplay.Actor.performTask(Actor.java:299)
	at app//net.serenitybdd.screenplay.Actor.perform(Actor.java:274)
	at app//net.serenitybdd.screenplay.Actor.performWithoutReporting(Actor.java:258)
	at app//net.serenitybdd.screenplay.Actor.attemptsTo(Actor.java:213)
	at app//net.serenitybdd.screenplay.Actor.attemptsTo(Actor.java:222)
	at app//co.com.pragma.stepdefinitions.MobileSteps.navigateSerebii(MobileSteps.java:39)
	at java.base@21.0.7/java.lang.reflect.Method.invoke(Method.java:580)
	at app//io.cucumber.java.Invoker.doInvoke(Invoker.java:66)
	at app//io.cucumber.java.Invoker.invoke(Invoker.java:24)
	at app//io.cucumber.java.AbstractGlueDefinition.invokeMethod(AbstractGlueDefinition.java:47)
	at app//io.cucumber.java.JavaStepDefinition.execute(JavaStepDefinition.java:29)
	at app//io.cucumber.core.runner.CoreStepDefinition.execute(CoreStepDefinition.java:66)
	at app//io.cucumber.core.runner.PickleStepDefinitionMatch.runStep(PickleStepDefinitionMatch.java:62)
	at app//io.cucumber.core.runner.ExecutionMode$1.execute(ExecutionMode.java:10)
	at app//io.cucumber.core.runner.TestStep.executeStep(TestStep.java:81)
	at app//io.cucumber.core.runner.TestStep.run(TestStep.java:53)
	at app//io.cucumber.core.runner.PickleStepTestStep.run(PickleStepTestStep.java:51)
	at app//io.cucumber.core.runner.TestCase.run(TestCase.java:84)
	at app//io.cucumber.core.runner.Runner.runPickle(Runner.java:75)
	at app//io.cucumber.junit.PickleRunners$NoStepDescriptions.lambda$run$0(PickleRunners.java:151)
	at app//io.cucumber.core.runtime.CucumberExecutionContext.lambda$runTestCase$5(CucumberExecutionContext.java:136)
	at app//io.cucumber.core.runtime.RethrowingThrowableCollector.executeAndThrow(RethrowingThrowableCollector.java:23)
	at app//io.cucumber.core.runtime.CucumberExecutionContext.runTestCase(CucumberExecutionContext.java:136)
	at app//io.cucumber.junit.PickleRunners$NoStepDescriptions.run(PickleRunners.java:148)
	at app//io.cucumber.junit.FeatureRunner.runChild(FeatureRunner.java:144)
	at app//io.cucumber.junit.FeatureRunner.runChild(FeatureRunner.java:28)
	at app//io.cucumber.junit.FeatureRunner.run(FeatureRunner.java:137)
	at app//io.cucumber.junit.CucumberSerenityBaseRunner.runChild(CucumberSerenityBaseRunner.java:332)
	at app//io.cucumber.junit.CucumberSerenityBaseRunner.runChild(CucumberSerenityBaseRunner.java:53)
	at app//io.cucumber.junit.CucumberSerenityBaseRunner$RunCucumber.evaluate(CucumberSerenityBaseRunner.java:363)
Caused by: net.thucydides.core.webdriver.DriverConfigurationError: NONE
	at app//net.serenitybdd.core.webdriver.driverproviders.AppiumDriverProvider.newDriverUsingExternalServer(AppiumDriverProvider.java:75)
	at app//net.serenitybdd.core.webdriver.driverproviders.AppiumDriverProvider.newInstance(AppiumDriverProvider.java:51)
	at app//net.thucydides.core.webdriver.WebDriverFactory.createWebDriver(WebDriverFactory.java:156)
	at app//net.thucydides.core.webdriver.WebDriverFactory.waitThenRetry(WebDriverFactory.java:193)
	... 59 more
</failure>
  </testcase>
  <system-out><![CDATA[13:29:22.031 [Test worker] INFO   - 

-------------------------------------------------------------------------------------
     _______. _______ .______       _______ .__   __.  __  .___________.____    ____ 
    /       ||   ____||   _  \     |   ____||  \ |  | |  | |           |\   \  /   / 
   |   (----`|  |__   |  |_)  |    |  |__   |   \|  | |  | `---|  |----` \   \/   /  
    \   \    |   __|  |      /     |   __|  |  . `  | |  |     |  |       \_    _/   
.----)   |   |  |____ |  |\  \----.|  |____ |  |\   | |  |     |  |         |  |     
|_______/    |_______|| _| `._____||_______||__| \__| |__|     |__|         |__|    
                                                                                     
 News and tutorials at https://serenity-bdd.info                                     
 Documentation at https://serenity-bdd.github.io                                     
 Test Automation Training and Coaching: https://www.serenity-dojo.com                
 Commercial Support: https://www.serenity-dojo.com/serenity-bdd-enterprise-support   
 Join the Serenity Community on Gitter: https://gitter.im/serenity-bdd/serenity-core 
-------------------------------------------------------------------------------------

13:29:22.042 [Test worker] INFO   - Test Suite Started: Navegación Web Mobile
13:29:22.136 [Test worker] INFO   - Test Suite Started: Navegación Web Mobile
13:29:22.231 [Test worker] INFO   - 
  _____   ___   ___   _____     ___   _____     _     ___   _____   ___   ___  
 |_   _| | __| / __| |_   _|   / __| |_   _|   /_\   | _ \ |_   _| | __| |   \ 
   | |   | _|  \__ \   | |     \__ \   | |    / _ \  |   /   | |   | _|  | |) |
   |_|   |___| |___/   |_|     |___/   |_|   /_/ \_\ |_|_\   |_|   |___| |___/ 

Navegar en Serebii desde Chrome Mobile(navegación-web-mobile;navegar-en-serebii-desde-chrome-mobile)
--------------------------------------------------------------------------------
13:29:22.309 [Test worker] INFO   - |-- Given que el usuario desea navegar en la web
13:29:22.507 [Test worker] INFO   - |-- When ingresa a la pagina de serebii
13:29:22.670 [Test worker] INFO   - |---- Ash Ketchum opens the browser at https://www.serebii.net/
13:29:52.988 [Test worker] INFO   - STEP ERROR: net.thucydides.core.webdriver.DriverConfigurationError: Could not instantiate class io.appium.java_client.AppiumDriver
13:29:53.012 [Test worker] INFO   - |------ Then deberia ver el home de la pagina
13:29:53.015 [Test worker] INFO   -       -> STEP IGNORED
13:29:53.022 [Test worker] ERROR  - 
  _____   ___   ___   _____     ___   ___   ___    ___    ___ 
 |_   _| | __| / __| |_   _|   | __| | _ \ | _ \  / _ \  | _ \
   | |   | _|  \__ \   | |     | _|  |   / |   / | (_) | |   /
   |_|   |___| |___/   |_|     |___| |_|_\ |_|_\  \___/  |_|_\

Navegar en Serebii desde Chrome Mobile
---------------------------------------------------------------
13:29:53.079 [Test worker] ERROR  -     Test failed at step: Ash Ketchum opens the browser at https://www.serebii.net/
13:29:53.080 [Test worker] ERROR  -     Could not instantiate class io.appium.java_client.AppiumDriver
]]></system-out>
  <system-err><![CDATA[]]></system-err>
</testsuite>
