<?xml version="1.0" encoding="UTF-8"?>
<testsuite name="co.com.pragma.runners.SerebiiWebRunner" tests="1" skipped="0" failures="1" errors="0" timestamp="2025-12-10T13:30:21.732Z" hostname="CAMILO-RODRIGUE" time="61.671">
  <properties/>
  <testcase name="Navegar en Serebii desde Chrome Mobile" classname="co.com.pragma.runners.SerebiiWebRunner" time="61.671">
    <failure message="org.openqa.selenium.NoSuchSessionException: invalid session id: session deleted as the browser has closed the connection&#10;from disconnected: Unable to receive message from renderer&#10;  (Session info: chrome=133.0.6943.137)&#10;Build info: version: '4.38.0', revision: '6b412e825c*'&#10;System info: os.name: 'Windows 11', os.arch: 'amd64', os.version: '10.0', java.version: '21.0.7'&#10;Driver info: io.appium.java_client.android.AndroidDriver&#10;Command: [7aa93f18-f264-42e5-b538-eb4eaa6499d0, get {url=https://www.serebii.net/}]&#10;Capabilities {appium:automationName: UiAutomator2, appium:chromedriverAutodownload: false, appium:chromedriverExecutable: C:\Estudio\qa-mobile-proyec..., appium:databaseEnabled: false, appium:desired: {appActivity: com.android.chrome/com.goog..., appPackage: com.android.chrome, automationName: UiAutomator2, browserName: Chrome, chromedriverAutodownload: false, chromedriverExecutable: C:\Estudio\qa-mobile-proyec..., deviceName: emulator-5554, newCommandTimeout: 300, platformName: ANDROID}, appium:deviceApiLevel: 36, appium:deviceManufacturer: Google, appium:deviceModel: sdk_gphone64_x86_64, appium:deviceName: emulator-5554, appium:deviceScreenDensity: 480, appium:deviceScreenSize: 1344x2992, appium:deviceUDID: emulator-5554, appium:javascriptEnabled: true, appium:locationContextEnabled: false, appium:networkConnectionEnabled: true, appium:newCommandTimeout: 300, appium:pixelRatio: 3, appium:platformVersion: 16, appium:statBarHeight: 156, appium:takesScreenshot: true, appium:viewportRect: {height: 2836, left: 0, top: 156, width: 1344}, appium:warnings: {}, appium:webStorageEnabled: false, browserName: Chrome, platformName: ANDROID}&#10;Session ID: 7aa93f18-f264-42e5-b538-eb4eaa6499d0" type="org.openqa.selenium.NoSuchSessionException">org.openqa.selenium.NoSuchSessionException: invalid session id: session deleted as the browser has closed the connection
from disconnected: Unable to receive message from renderer
  (Session info: chrome=133.0.6943.137)
Build info: version: '4.38.0', revision: '6b412e825c*'
System info: os.name: 'Windows 11', os.arch: 'amd64', os.version: '10.0', java.version: '21.0.7'
Driver info: io.appium.java_client.android.AndroidDriver
Command: [7aa93f18-f264-42e5-b538-eb4eaa6499d0, get {url=https://www.serebii.net/}]
Capabilities {appium:automationName: UiAutomator2, appium:chromedriverAutodownload: false, appium:chromedriverExecutable: C:\Estudio\qa-mobile-proyec..., appium:databaseEnabled: false, appium:desired: {appActivity: com.android.chrome/com.goog..., appPackage: com.android.chrome, automationName: UiAutomator2, browserName: Chrome, chromedriverAutodownload: false, chromedriverExecutable: C:\Estudio\qa-mobile-proyec..., deviceName: emulator-5554, newCommandTimeout: 300, platformName: ANDROID}, appium:deviceApiLevel: 36, appium:deviceManufacturer: Google, appium:deviceModel: sdk_gphone64_x86_64, appium:deviceName: emulator-5554, appium:deviceScreenDensity: 480, appium:deviceScreenSize: 1344x2992, appium:deviceUDID: emulator-5554, appium:javascriptEnabled: true, appium:locationContextEnabled: false, appium:networkConnectionEnabled: true, appium:newCommandTimeout: 300, appium:pixelRatio: 3, appium:platformVersion: 16, appium:statBarHeight: 156, appium:takesScreenshot: true, appium:viewportRect: {height: 2836, left: 0, top: 156, width: 1344}, appium:warnings: {}, appium:webStorageEnabled: false, browserName: Chrome, platformName: ANDROID}
Session ID: 7aa93f18-f264-42e5-b538-eb4eaa6499d0
	at java.base@21.0.7/java.lang.reflect.Constructor.newInstanceWithCaller(Constructor.java:502)
	at java.base@21.0.7/java.lang.reflect.Constructor.newInstance(Constructor.java:486)
	at app//org.openqa.selenium.remote.ErrorCodec.decode(ErrorCodec.java:167)
	at app//org.openqa.selenium.remote.codec.w3c.W3CHttpResponseCodec.decode(W3CHttpResponseCodec.java:138)
	at app//org.openqa.selenium.remote.codec.w3c.W3CHttpResponseCodec.decode(W3CHttpResponseCodec.java:50)
	at app//org.openqa.selenium.remote.HttpCommandExecutor.execute(HttpCommandExecutor.java:215)
	at app//io.appium.java_client.remote.AppiumCommandExecutor.execute(AppiumCommandExecutor.java:243)
	at app//org.openqa.selenium.remote.RemoteWebDriver.execute(RemoteWebDriver.java:557)
	at app//org.openqa.selenium.remote.RemoteWebDriver.get(RemoteWebDriver.java:325)
	at app//net.thucydides.core.webdriver.WebDriverFacade.get(WebDriverFacade.java:221)
	at app//net.serenitybdd.core.pages.PageObject.openPageAtUrl(PageObject.java:985)
	at app//net.serenitybdd.core.pages.PageObject.openUrl(PageObject.java:931)
	at app//net.serenitybdd.screenplay.actions.OpenUrl.performAs(OpenUrl.java:18)
	at app//net.serenitybdd.screenplay.actions.OpenUrl$ByteBuddy$N3mSQR5I.performAs$accessor$7YXjEPU2(Unknown Source)
	at java.base@21.0.7/java.lang.reflect.Method.invoke(Method.java:580)
	at app//net.thucydides.core.steps.StepInterceptor.invokeMethod(StepInterceptor.java:524)
	at app//net.thucydides.core.steps.StepInterceptor.executeTestStepMethod(StepInterceptor.java:504)
	at app//net.thucydides.core.steps.StepInterceptor.runTestStep(StepInterceptor.java:476)
	at app//net.thucydides.core.steps.StepInterceptor.runOrSkipMethod(StepInterceptor.java:218)
	at app//net.thucydides.core.steps.StepInterceptor.testStepResult(StepInterceptor.java:205)
	at app//net.thucydides.core.steps.StepInterceptor.intercept(StepInterceptor.java:93)
	at app//net.thucydides.core.steps.ProxyConfiguration$InterceptorDispatcher.intercept(ProxyConfiguration.java:51)
	at app//net.serenitybdd.screenplay.actions.OpenUrl$ByteBuddy$N3mSQR5I.performAs(Unknown Source)
	at app//net.serenitybdd.screenplay.Actor.performTask(Actor.java:299)
	at app//net.serenitybdd.screenplay.Actor.perform(Actor.java:274)
	at app//net.serenitybdd.screenplay.Actor.attemptsTo(Actor.java:215)
	at app//net.serenitybdd.screenplay.Actor.attemptsTo(Actor.java:222)
	at app//co.com.pragma.tasks.NavigateTo.performAs(NavigateTo.java:24)
	at app//net.serenitybdd.screenplay.Actor.performTask(Actor.java:299)
	at app//net.serenitybdd.screenplay.Actor.perform(Actor.java:274)
	at app//net.serenitybdd.screenplay.Actor.performWithoutReporting(Actor.java:258)
	at app//net.serenitybdd.screenplay.Actor.attemptsTo(Actor.java:213)
	at app//net.serenitybdd.screenplay.Actor.attemptsTo(Actor.java:222)
	at app//co.com.pragma.stepdefinitions.MobileSteps.navigateSerebii(MobileSteps.java:41)
	at ✽.ingresa a la pagina de serebii(classpath:features/serebii.feature:6)
</failure>
  </testcase>
  <system-out><![CDATA[08:30:21.428 [Test worker] INFO  n.thucydides.core.steps.StepEventBus - Loading JUnit Platform configuration parameters from classpath resource [junit-platform.properties].
08:30:21.519 [Test worker] INFO   - 

-------------------------------------------------------------------------------------
     _______. _______ .______       _______ .__   __.  __  .___________.____    ____ 
    /       ||   ____||   _  \     |   ____||  \ |  | |  | |           |\   \  /   / 
   |   (----`|  |__   |  |_)  |    |  |__   |   \|  | |  | `---|  |----` \   \/   /  
    \   \    |   __|  |      /     |   __|  |  . `  | |  |     |  |       \_    _/   
.----)   |   |  |____ |  |\  \----.|  |____ |  |\   | |  |     |  |         |  |     
|_______/    |_______|| _| `._____||_______||__| \__| |__|     |__|         |__|    
                                                                                     
 News and tutorials at https://serenity-bdd.info                                     
 Documentation at https://serenity-bdd.github.io                                     
 Test Automation Training and Coaching: https://www.serenity-dojo.com                
 Commercial Support: https://www.serenity-dojo.com/serenity-bdd-enterprise-support   
 Join the Serenity Community on Gitter: https://gitter.im/serenity-bdd/serenity-core 
-------------------------------------------------------------------------------------

08:30:21.537 [Test worker] INFO   - Test Suite Started: Navegación Web Mobile

@WebMobile
?[1mScenario:?[22m Navegar en Serebii desde Chrome Mobile ?[90m# classpath:features/serebii.feature:4?[39m
  ?[32m✔?[39m ?[32m?[1mGiven ?[22mque el usuario desea navegar en la web?[39m ?[90m# co.com.pragma.stepdefinitions.MobileSteps.prepareWeb()?[39m
>>>>>>>>>> INICIANDO CREACIÓN DE DRIVER MANUAL <<<<<<<<<<
>>>>>>>>>> ENVIANDO PETICIÓN A APPIUM... <<<<<<<<<<
>>>>>>>>>> ¡DRIVER CREADO! RETORNANDO A SERENITY <<<<<<<<<<
08:31:21.795 [Test worker] WARN  n.t.core.webdriver.WebDriverFacade - Failed to take screenshot (invalid session id
Build info: version: '4.38.0', revision: '6b412e825c*'
System info: os.name: 'Windows 11', os.arch: 'amd64', os.version: '10.0', java.version: '21.0.7'
Driver info: io.appium.java_client.android.AndroidDriver
Command: [7aa93f18-f264-42e5-b538-eb4eaa6499d0, screenshot {}]
Capabilities {appium:automationName: UiAutomator2, appium:chromedriverAutodownload: false, appium:chromedriverExecutable: C:\Estudio\qa-mobile-proyec..., appium:databaseEnabled: false, appium:desired: {appActivity: com.android.chrome/com.goog..., appPackage: com.android.chrome, automationName: UiAutomator2, browserName: Chrome, chromedriverAutodownload: false, chromedriverExecutable: C:\Estudio\qa-mobile-proyec..., deviceName: emulator-5554, newCommandTimeout: 300, platformName: ANDROID}, appium:deviceApiLevel: 36, appium:deviceManufacturer: Google, appium:deviceModel: sdk_gphone64_x86_64, appium:deviceName: emulator-5554, appium:deviceScreenDensity: 480, appium:deviceScreenSize: 1344x2992, appium:deviceUDID: emulator-5554, appium:javascriptEnabled: true, appium:locationContextEnabled: false, appium:networkConnectionEnabled: true, appium:newCommandTimeout: 300, appium:pixelRatio: 3, appium:platformVersion: 16, appium:statBarHeight: 156, appium:takesScreenshot: true, appium:viewportRect: {height: 2836, left: 0, top: 156, width: 1344}, appium:warnings: {}, appium:webStorageEnabled: false, browserName: Chrome, platformName: ANDROID}
Session ID: 7aa93f18-f264-42e5-b538-eb4eaa6499d0)
08:31:21.920 [Test worker] WARN  n.t.core.webdriver.WebDriverFacade - Failed to take screenshot (invalid session id
Build info: version: '4.38.0', revision: '6b412e825c*'
System info: os.name: 'Windows 11', os.arch: 'amd64', os.version: '10.0', java.version: '21.0.7'
Driver info: io.appium.java_client.android.AndroidDriver
Command: [7aa93f18-f264-42e5-b538-eb4eaa6499d0, screenshot {}]
Capabilities {appium:automationName: UiAutomator2, appium:chromedriverAutodownload: false, appium:chromedriverExecutable: C:\Estudio\qa-mobile-proyec..., appium:databaseEnabled: false, appium:desired: {appActivity: com.android.chrome/com.goog..., appPackage: com.android.chrome, automationName: UiAutomator2, browserName: Chrome, chromedriverAutodownload: false, chromedriverExecutable: C:\Estudio\qa-mobile-proyec..., deviceName: emulator-5554, newCommandTimeout: 300, platformName: ANDROID}, appium:deviceApiLevel: 36, appium:deviceManufacturer: Google, appium:deviceModel: sdk_gphone64_x86_64, appium:deviceName: emulator-5554, appium:deviceScreenDensity: 480, appium:deviceScreenSize: 1344x2992, appium:deviceUDID: emulator-5554, appium:javascriptEnabled: true, appium:locationContextEnabled: false, appium:networkConnectionEnabled: true, appium:newCommandTimeout: 300, appium:pixelRatio: 3, appium:platformVersion: 16, appium:statBarHeight: 156, appium:takesScreenshot: true, appium:viewportRect: {height: 2836, left: 0, top: 156, width: 1344}, appium:warnings: {}, appium:webStorageEnabled: false, browserName: Chrome, platformName: ANDROID}
Session ID: 7aa93f18-f264-42e5-b538-eb4eaa6499d0)
  ?[31m✘?[39m ?[31m?[1mWhen ?[22mingresa a la pagina de serebii?[39m          ?[90m# co.com.pragma.stepdefinitions.MobileSteps.navigateSerebii()?[39m
        ?[31morg.openqa.selenium.NoSuchSessionException: invalid session id: session deleted as the browser has closed the connection?[39m
        ?[31mfrom disconnected: Unable to receive message from renderer?[39m
        ?[31m  (Session info: chrome=133.0.6943.137)?[39m
        ?[31mBuild info: version: '4.38.0', revision: '6b412e825c*'?[39m
        ?[31mSystem info: os.name: 'Windows 11', os.arch: 'amd64', os.version: '10.0', java.version: '21.0.7'?[39m
        ?[31mDriver info: io.appium.java_client.android.AndroidDriver?[39m
        ?[31mCommand: [7aa93f18-f264-42e5-b538-eb4eaa6499d0, get {url=https://www.serebii.net/}]?[39m
        ?[31mCapabilities {appium:automationName: UiAutomator2, appium:chromedriverAutodownload: false, appium:chromedriverExecutable: C:\Estudio\qa-mobile-proyec..., appium:databaseEnabled: false, appium:desired: {appActivity: com.android.chrome/com.goog..., appPackage: com.android.chrome, automationName: UiAutomator2, browserName: Chrome, chromedriverAutodownload: false, chromedriverExecutable: C:\Estudio\qa-mobile-proyec..., deviceName: emulator-5554, newCommandTimeout: 300, platformName: ANDROID}, appium:deviceApiLevel: 36, appium:deviceManufacturer: Google, appium:deviceModel: sdk_gphone64_x86_64, appium:deviceName: emulator-5554, appium:deviceScreenDensity: 480, appium:deviceScreenSize: 1344x2992, appium:deviceUDID: emulator-5554, appium:javascriptEnabled: true, appium:locationContextEnabled: false, appium:networkConnectionEnabled: true, appium:newCommandTimeout: 300, appium:pixelRatio: 3, appium:platformVersion: 16, appium:statBarHeight: 156, appium:takesScreenshot: true, appium:viewportRect: {height: 2836, left: 0, top: 156, width: 1344}, appium:warnings: {}, appium:webStorageEnabled: false, browserName: Chrome, platformName: ANDROID}?[39m
        ?[31mSession ID: 7aa93f18-f264-42e5-b538-eb4eaa6499d0?[39m
        ?[31m	at java.base/jdk.internal.reflect.DirectConstructorHandleAccessor.newInstance(DirectConstructorHandleAccessor.java:62)?[39m
        ?[31m	at java.base/java.lang.reflect.Constructor.newInstanceWithCaller(Constructor.java:502)?[39m
        ?[31m	at java.base/java.lang.reflect.Constructor.newInstance(Constructor.java:486)?[39m
        ?[31m	at org.openqa.selenium.remote.ErrorCodec.decode(ErrorCodec.java:167)?[39m
        ?[31m	at org.openqa.selenium.remote.codec.w3c.W3CHttpResponseCodec.decode(W3CHttpResponseCodec.java:138)?[39m
        ?[31m	at org.openqa.selenium.remote.codec.w3c.W3CHttpResponseCodec.decode(W3CHttpResponseCodec.java:50)?[39m
        ?[31m	at org.openqa.selenium.remote.HttpCommandExecutor.execute(HttpCommandExecutor.java:215)?[39m
        ?[31m	at io.appium.java_client.remote.AppiumCommandExecutor.execute(AppiumCommandExecutor.java:243)?[39m
        ?[31m	at org.openqa.selenium.remote.RemoteWebDriver.execute(RemoteWebDriver.java:557)?[39m
        ?[31m	at org.openqa.selenium.remote.RemoteWebDriver.get(RemoteWebDriver.java:325)?[39m
        ?[31m	at net.thucydides.core.webdriver.WebDriverFacade.get(WebDriverFacade.java:221)?[39m
        ?[31m	at net.serenitybdd.core.pages.PageObject.openPageAtUrl(PageObject.java:985)?[39m
        ?[31m	at net.serenitybdd.core.pages.PageObject.openUrl(PageObject.java:931)?[39m
        ?[31m	at net.serenitybdd.screenplay.actions.OpenUrl.performAs(OpenUrl.java:18)?[39m
        ?[31m	at net.serenitybdd.screenplay.actions.OpenUrl$ByteBuddy$N3mSQR5I.performAs$accessor$7YXjEPU2(Unknown Source)?[39m
        ?[31m	at java.base/jdk.internal.reflect.DirectMethodHandleAccessor.invoke(DirectMethodHandleAccessor.java:103)?[39m
        ?[31m	at java.base/java.lang.reflect.Method.invoke(Method.java:580)?[39m
        ?[31m	at net.thucydides.core.steps.StepInterceptor.invokeMethod(StepInterceptor.java:524)?[39m
        ?[31m	at net.thucydides.core.steps.StepInterceptor.executeTestStepMethod(StepInterceptor.java:504)?[39m
        ?[31m	at net.thucydides.core.steps.StepInterceptor.runTestStep(StepInterceptor.java:476)?[39m
        ?[31m	at net.thucydides.core.steps.StepInterceptor.runOrSkipMethod(StepInterceptor.java:218)?[39m
        ?[31m	at net.thucydides.core.steps.StepInterceptor.testStepResult(StepInterceptor.java:205)?[39m
        ?[31m	at net.thucydides.core.steps.StepInterceptor.intercept(StepInterceptor.java:93)?[39m
        ?[31m	at net.thucydides.core.steps.ProxyConfiguration$InterceptorDispatcher.intercept(ProxyConfiguration.java:51)?[39m
        ?[31m	at net.serenitybdd.screenplay.actions.OpenUrl$ByteBuddy$N3mSQR5I.performAs(Unknown Source)?[39m
        ?[31m	at net.serenitybdd.screenplay.Actor.performTask(Actor.java:299)?[39m
        ?[31m	at net.serenitybdd.screenplay.Actor.perform(Actor.java:274)?[39m
        ?[31m	at net.serenitybdd.screenplay.Actor.attemptsTo(Actor.java:215)?[39m
        ?[31m	at net.serenitybdd.screenplay.Actor.attemptsTo(Actor.java:222)?[39m
        ?[31m	at co.com.pragma.tasks.NavigateTo.performAs(NavigateTo.java:24)?[39m
        ?[31m	at net.serenitybdd.screenplay.Actor.performTask(Actor.java:299)?[39m
        ?[31m	at net.serenitybdd.screenplay.Actor.perform(Actor.java:274)?[39m
        ?[31m	at net.serenitybdd.screenplay.Actor.performWithoutReporting(Actor.java:258)?[39m
        ?[31m	at net.serenitybdd.screenplay.Actor.attemptsTo(Actor.java:213)?[39m
        ?[31m	at net.serenitybdd.screenplay.Actor.attemptsTo(Actor.java:222)?[39m
        ?[31m	at co.com.pragma.stepdefinitions.MobileSteps.navigateSerebii(MobileSteps.java:41)?[39m
        ?[31m	at ✽.ingresa a la pagina de serebii(classpath:features/serebii.feature:6)?[39m
08:31:21.956 [Test worker] WARN  n.t.core.webdriver.WebDriverFacade - Failed to take screenshot (invalid session id
Build info: version: '4.38.0', revision: '6b412e825c*'
System info: os.name: 'Windows 11', os.arch: 'amd64', os.version: '10.0', java.version: '21.0.7'
Driver info: io.appium.java_client.android.AndroidDriver
Command: [7aa93f18-f264-42e5-b538-eb4eaa6499d0, screenshot {}]
Capabilities {appium:automationName: UiAutomator2, appium:chromedriverAutodownload: false, appium:chromedriverExecutable: C:\Estudio\qa-mobile-proyec..., appium:databaseEnabled: false, appium:desired: {appActivity: com.android.chrome/com.goog..., appPackage: com.android.chrome, automationName: UiAutomator2, browserName: Chrome, chromedriverAutodownload: false, chromedriverExecutable: C:\Estudio\qa-mobile-proyec..., deviceName: emulator-5554, newCommandTimeout: 300, platformName: ANDROID}, appium:deviceApiLevel: 36, appium:deviceManufacturer: Google, appium:deviceModel: sdk_gphone64_x86_64, appium:deviceName: emulator-5554, appium:deviceScreenDensity: 480, appium:deviceScreenSize: 1344x2992, appium:deviceUDID: emulator-5554, appium:javascriptEnabled: true, appium:locationContextEnabled: false, appium:networkConnectionEnabled: true, appium:newCommandTimeout: 300, appium:pixelRatio: 3, appium:platformVersion: 16, appium:statBarHeight: 156, appium:takesScreenshot: true, appium:viewportRect: {height: 2836, left: 0, top: 156, width: 1344}, appium:warnings: {}, appium:webStorageEnabled: false, browserName: Chrome, platformName: ANDROID}
Session ID: 7aa93f18-f264-42e5-b538-eb4eaa6499d0)
  ?[36m↷?[39m ?[36m?[1mThen ?[22mdeberia ver el home de la pagina?[39m        ?[90m# co.com.pragma.stepdefinitions.MobileSteps.verifySerebii()?[39m
08:31:23.410 [Test worker] INFO   - 
  _____   ___   ___   _____     ___   _____     _     ___   _____   ___   ___  
 |_   _| | __| / __| |_   _|   / __| |_   _|   /_\   | _ \ |_   _| | __| |   \ 
   | |   | _|  \__ \   | |     \__ \   | |    / _ \  |   /   | |   | _|  | |) |
   |_|   |___| |___/   |_|     |___/   |_|   /_/ \_\ |_|_\   |_|   |___| |___/ 

Navegar en Serebii desde Chrome Mobile(navegación-web-mobile;navegar-en-serebii-desde-chrome-mobile)
--------------------------------------------------------------------------------
08:31:23.417 [Test worker] INFO   - |-- Given que el usuario desea navegar en la web
08:31:23.420 [Test worker] INFO   - |-- When ingresa a la pagina de serebii
08:31:23.422 [Test worker] INFO   - |---- Ash Ketchum opens the browser at https://www.serebii.net/
08:31:23.435 [Test worker] INFO   - |------ Then deberia ver el home de la pagina
08:31:23.439 [Test worker] INFO   -       -> STEP IGNORED
]]></system-out>
  <system-err><![CDATA[]]></system-err>
</testsuite>
