<?xml version="1.0" encoding="UTF-8"?>
<testsuite name="co.com.pragma.runners.SerebiiWebRunner" tests="1" skipped="0" failures="1" errors="0" timestamp="2025-12-05T18:53:50.807Z" hostname="CAMILO-RODRIGUE" time="6.477">
  <properties/>
  <testcase name="Navegar en Serebii desde Chrome Mobile" classname="co.com.pragma.runners.SerebiiWebRunner" time="6.477">
    <failure message="org.openqa.selenium.SessionNotCreatedException: Could not start a new session. Response code 500. Message: No Chromedriver found that can automate Chrome '134.0.6998'. You could also try to enable automated chromedrivers download as a possible workaround. &#10;Host info: host: 'CAMILO-RODRIGUE', ip: '192.168.1.5'&#10;Build info: version: '4.16.1', revision: '9b4c83354e'&#10;System info: os.name: 'Windows 11', os.arch: 'amd64', os.version: '10.0', java.version: '21.0.7'&#10;Driver info: io.appium.java_client.AppiumDriver&#10;Command: [null, newSession {capabilities=[{appium:chromedriverAutodownload=true, appium:automationName=UiAutomator2, browserName=Chrome, appium:deviceName=emulator-5554, platformName=ANDROID}], desiredCapabilities=Capabilities {appium:chromedriverAutodownload: true, automationName: UiAutomator2, browserName: Chrome, deviceName: emulator-5554, platformName: ANDROID}}]&#10;Capabilities {appium:chromedriverAutodownload: true, automationName: UiAutomator2, browserName: Chrome, deviceName: emulator-5554, platformName: ANDROID}" type="org.openqa.selenium.SessionNotCreatedException">org.openqa.selenium.SessionNotCreatedException: Could not start a new session. Response code 500. Message: No Chromedriver found that can automate Chrome '134.0.6998'. You could also try to enable automated chromedrivers download as a possible workaround. 
Host info: host: 'CAMILO-RODRIGUE', ip: '192.168.1.5'
Build info: version: '4.16.1', revision: '9b4c83354e'
System info: os.name: 'Windows 11', os.arch: 'amd64', os.version: '10.0', java.version: '21.0.7'
Driver info: io.appium.java_client.AppiumDriver
Command: [null, newSession {capabilities=[{appium:chromedriverAutodownload=true, appium:automationName=UiAutomator2, browserName=Chrome, appium:deviceName=emulator-5554, platformName=ANDROID}], desiredCapabilities=Capabilities {appium:chromedriverAutodownload: true, automationName: UiAutomator2, browserName: Chrome, deviceName: emulator-5554, platformName: ANDROID}}]
Capabilities {appium:chromedriverAutodownload: true, automationName: UiAutomator2, browserName: Chrome, deviceName: emulator-5554, platformName: ANDROID}
	at app//org.openqa.selenium.remote.ProtocolHandshake.createSession(ProtocolHandshake.java:140)
	at java.base@21.0.7/java.lang.reflect.Method.invoke(Method.java:580)
	at app//io.appium.java_client.remote.AppiumProtocolHandshake.createSession(AppiumProtocolHandshake.java:133)
	at app//io.appium.java_client.remote.AppiumProtocolHandshake.createSession(AppiumProtocolHandshake.java:102)
	at app//io.appium.java_client.remote.AppiumCommandExecutor.createSession(AppiumCommandExecutor.java:176)
	at app//io.appium.java_client.remote.AppiumCommandExecutor.execute(AppiumCommandExecutor.java:237)
	at app//org.openqa.selenium.remote.RemoteWebDriver.execute(RemoteWebDriver.java:523)
	at app//io.appium.java_client.AppiumDriver.startSession(AppiumDriver.java:268)
	at app//org.openqa.selenium.remote.RemoteWebDriver.&lt;init&gt;(RemoteWebDriver.java:164)
	at app//io.appium.java_client.AppiumDriver.&lt;init&gt;(AppiumDriver.java:90)
	at app//io.appium.java_client.AppiumDriver.&lt;init&gt;(AppiumDriver.java:102)
	at app//co.com.pragma.tasks.NavigateTo.performAs(NavigateTo.java:41)
	at app//net.serenitybdd.screenplay.Actor.performTask(Actor.java:299)
	at app//net.serenitybdd.screenplay.Actor.perform(Actor.java:274)
	at app//net.serenitybdd.screenplay.Actor.performWithoutReporting(Actor.java:258)
	at app//net.serenitybdd.screenplay.Actor.attemptsTo(Actor.java:213)
	at app//net.serenitybdd.screenplay.Actor.attemptsTo(Actor.java:222)
	at app//co.com.pragma.stepdefinitions.MobileSteps.navigateSerebii(MobileSteps.java:39)
	at ✽.ingresa a la pagina de serebii(classpath:features/serebii.feature:6)
</failure>
  </testcase>
  <system-out><![CDATA[13:53:50.696 [Test worker] INFO  n.thucydides.core.steps.StepEventBus - Loading JUnit Platform configuration parameters from classpath resource [junit-platform.properties].
13:53:50.722 [Test worker] INFO   - 

-------------------------------------------------------------------------------------
     _______. _______ .______       _______ .__   __.  __  .___________.____    ____ 
    /       ||   ____||   _  \     |   ____||  \ |  | |  | |           |\   \  /   / 
   |   (----`|  |__   |  |_)  |    |  |__   |   \|  | |  | `---|  |----` \   \/   /  
    \   \    |   __|  |      /     |   __|  |  . `  | |  |     |  |       \_    _/   
.----)   |   |  |____ |  |\  \----.|  |____ |  |\   | |  |     |  |         |  |     
|_______/    |_______|| _| `._____||_______||__| \__| |__|     |__|         |__|    
                                                                                     
 News and tutorials at https://serenity-bdd.info                                     
 Documentation at https://serenity-bdd.github.io                                     
 Test Automation Training and Coaching: https://www.serenity-dojo.com                
 Commercial Support: https://www.serenity-dojo.com/serenity-bdd-enterprise-support   
 Join the Serenity Community on Gitter: https://gitter.im/serenity-bdd/serenity-core 
-------------------------------------------------------------------------------------

13:53:50.731 [Test worker] INFO   - Test Suite Started: Navegación Web Mobile

@WebMobile
Scenario: Navegar en Serebii desde Chrome Mobile ?[90m# features/serebii.feature:4?[0m
  ?[32mGiven ?[0m?[32mque el usuario desea navegar en la web?[0m   ?[90m# co.com.pragma.stepdefinitions.MobileSteps.prepareWeb()?[0m
  ?[31mWhen ?[0m?[31mingresa a la pagina de serebii?[0m            ?[90m# co.com.pragma.stepdefinitions.MobileSteps.navigateSerebii()?[0m
      ?[31morg.openqa.selenium.SessionNotCreatedException: Could not start a new session. Response code 500. Message: No Chromedriver found that can automate Chrome '134.0.6998'. You could also try to enable automated chromedrivers download as a possible workaround. 
Host info: host: 'CAMILO-RODRIGUE', ip: '192.168.1.5'
Build info: version: '4.16.1', revision: '9b4c83354e'
System info: os.name: 'Windows 11', os.arch: 'amd64', os.version: '10.0', java.version: '21.0.7'
Driver info: io.appium.java_client.AppiumDriver
Command: [null, newSession {capabilities=[{appium:chromedriverAutodownload=true, appium:automationName=UiAutomator2, browserName=Chrome, appium:deviceName=emulator-5554, platformName=ANDROID}], desiredCapabilities=Capabilities {appium:chromedriverAutodownload: true, automationName: UiAutomator2, browserName: Chrome, deviceName: emulator-5554, platformName: ANDROID}}]
Capabilities {appium:chromedriverAutodownload: true, automationName: UiAutomator2, browserName: Chrome, deviceName: emulator-5554, platformName: ANDROID}
	at org.openqa.selenium.remote.ProtocolHandshake.createSession(ProtocolHandshake.java:140)
	at java.base/jdk.internal.reflect.DirectMethodHandleAccessor.invoke(DirectMethodHandleAccessor.java:103)
	at java.base/java.lang.reflect.Method.invoke(Method.java:580)
	at io.appium.java_client.remote.AppiumProtocolHandshake.createSession(AppiumProtocolHandshake.java:133)
	at io.appium.java_client.remote.AppiumProtocolHandshake.createSession(AppiumProtocolHandshake.java:102)
	at io.appium.java_client.remote.AppiumCommandExecutor.createSession(AppiumCommandExecutor.java:176)
	at io.appium.java_client.remote.AppiumCommandExecutor.execute(AppiumCommandExecutor.java:237)
	at org.openqa.selenium.remote.RemoteWebDriver.execute(RemoteWebDriver.java:523)
	at io.appium.java_client.AppiumDriver.startSession(AppiumDriver.java:268)
	at org.openqa.selenium.remote.RemoteWebDriver.<init>(RemoteWebDriver.java:164)
	at io.appium.java_client.AppiumDriver.<init>(AppiumDriver.java:90)
	at io.appium.java_client.AppiumDriver.<init>(AppiumDriver.java:102)
	at co.com.pragma.tasks.NavigateTo.performAs(NavigateTo.java:41)
	at net.serenitybdd.screenplay.Actor.performTask(Actor.java:299)
	at net.serenitybdd.screenplay.Actor.perform(Actor.java:274)
	at net.serenitybdd.screenplay.Actor.performWithoutReporting(Actor.java:258)
	at net.serenitybdd.screenplay.Actor.attemptsTo(Actor.java:213)
	at net.serenitybdd.screenplay.Actor.attemptsTo(Actor.java:222)
	at co.com.pragma.stepdefinitions.MobileSteps.navigateSerebii(MobileSteps.java:39)
	at ✽.ingresa a la pagina de serebii(classpath:features/serebii.feature:6)
?[0m
  ?[36mThen ?[0m?[36mdeberia ver el home de la pagina?[0m          ?[90m# co.com.pragma.stepdefinitions.MobileSteps.verifySerebii()?[0m
13:53:57.291 [Test worker] INFO   - 
  _____   ___   ___   _____     ___   _____     _     ___   _____   ___   ___  
 |_   _| | __| / __| |_   _|   / __| |_   _|   /_\   | _ \ |_   _| | __| |   \ 
   | |   | _|  \__ \   | |     \__ \   | |    / _ \  |   /   | |   | _|  | |) |
   |_|   |___| |___/   |_|     |___/   |_|   /_/ \_\ |_|_\   |_|   |___| |___/ 

Navegar en Serebii desde Chrome Mobile(navegación-web-mobile;navegar-en-serebii-desde-chrome-mobile)
--------------------------------------------------------------------------------
13:53:57.304 [Test worker] INFO   - |-- Given que el usuario desea navegar en la web
13:53:57.309 [Test worker] INFO   - |-- When ingresa a la pagina de serebii
13:53:57.314 [Test worker] INFO   - STEP ERROR: org.openqa.selenium.SessionNotCreatedException: Could not start a new session. Response code 500. Message: No Chromedriver found that can automate Chrome '134.0.6998'. You could also try to enable automated chromedrivers download as a possible workaround. 
Host info: host: 'CAMILO-RODRIGUE', ip: '192.168.1.5'
Build info: version: '4.16.1', revision: '9b4c83354e'
System info: os.name: 'Windows 11', os.arch: 'amd64', os.version: '10.0', java.version: '21.0.7'
Driver info: io.appium.java_client.AppiumDriver
Command: [null, newSession {capabilities=[{appium:chromedriverAutodownload=true, appium:automationName=UiAutomator2, browserName=Chrome, appium:deviceName=emulator-5554, platformName=ANDROID}], desiredCapabilities=Capabilities {appium:chromedriverAutodownload: true, automationName: UiAutomator2, browserName: Chrome, deviceName: emulator-5554, platformName: ANDROID}}]
Capabilities {appium:chromedriverAutodownload: true, automationName: UiAutomator2, browserName: Chrome, deviceName: emulator-5554, platformName: ANDROID}
13:53:57.333 [Test worker] INFO   - |---- Then deberia ver el home de la pagina
13:53:57.333 [Test worker] INFO   -       -> STEP IGNORED
]]></system-out>
  <system-err><![CDATA[]]></system-err>
</testsuite>
