{"name":"Descargar Waze","id":"interacción-play-store;descargar-waze","scenarioId":"classpath:features/playstore:Descargar Waze","methodName":"Descargar Waze","testSteps":[{"number":1,"description":"Given que el usuario accede a la tienda de aplicaciones","duration":186,"startTime":"2025-12-09T15:10:37.318976100-05:00[America/Bogota]","result":"SUCCESS","precondition":false,"level":0},{"number":2,"description":"When busca la aplicacion \"Waze\" y la selecciona","duration":15667,"startTime":"2025-12-09T15:10:37.607320-05:00[America/Bogota]","result":"FAILURE","precondition":false,"level":0,"children":[{"number":3,"description":"Driver user download app","duration":15271,"startTime":"2025-12-09T15:10:37.997640900-05:00[America/Bogota]","exception":{"errorType":"java.lang.AssertionError","message":"\r\nExpected: an element that is visible\r\n     but: no matching element found by [Caja de Búsqueda (Home) located with: Appiumid: com.google.android.finsky:id/search_bar_hint]","stackTrace":[{"declaringClass":"co.com.pragma.tasks.DownloadApp","methodName":"performAs","fileName":"DownloadApp.java","lineNumber":23},{"declaringClass":"co.com.pragma.stepdefinitions.MobileSteps","methodName":"searchApp","fileName":"MobileSteps.java","lineNumber":55},{"declaringClass":"worker.org.gradle.process.internal.worker.GradleWorkerMain","methodName":"run","fileName":"GradleWorkerMain.java","lineNumber":69},{"declaringClass":"worker.org.gradle.process.internal.worker.GradleWorkerMain","methodName":"main","fileName":"GradleWorkerMain.java","lineNumber":74}]},"result":"FAILURE","precondition":false,"level":1}]},{"number":4,"description":"Then deberia poder iniciar la descarga","duration":0,"startTime":"2025-12-09T15:10:53.278037300-05:00[America/Bogota]","result":"SKIPPED","precondition":false,"level":0}],"userStory":{"id":"classpath:features/playstore","storyName":"Interacción Play Store","displayName":"Interacción Play Store","path":"playstore","pathElements":[{"name":"playstore","description":""}],"type":"feature"},"title":"Descargar Waze","description":"","tags":[{"name":"AppStore","type":"tag","displayName":"AppStore","rawStringFromValueTag":"AppStore"}],"startTime":"2025-12-09T15:10:37.071397100-05:00[America/Bogota]","endTime":"2025-12-09T15:10:53.280554500-05:00[America/Bogota]","duration":16209,"testFailureCause":{"errorType":"net.thucydides.model.domain.MultipleAssertionErrors","message":"\r\nThe following 2 assertions failed:\r\n1) Expected: an element that is visible\r\n     but: no matching element found by [Caja de Búsqueda (Home) located with: Appiumid: com.google.android.finsky:id/search_bar_hint]\r\n2) Expected: an element that is visible\r\n     but: no matching element found by [Caja de Búsqueda (Home) located with: Appiumid: com.google.android.finsky:id/search_bar_hint]\r\n","stackTrace":[{"declaringClass":"worker.org.gradle.process.internal.worker.GradleWorkerMain","methodName":"run","fileName":"GradleWorkerMain.java","lineNumber":69},{"declaringClass":"worker.org.gradle.process.internal.worker.GradleWorkerMain","methodName":"main","fileName":"GradleWorkerMain.java","lineNumber":74}]},"testFailureClassname":"net.thucydides.model.domain.MultipleAssertionErrors","testFailureMessage":"\r\nThe following 2 assertions failed:\r\n1) Expected: an element that is visible\r\n     but: no matching element found by [Caja de Búsqueda (Home) located with: Appiumid: com.google.android.finsky:id/search_bar_hint]\r\n2) Expected: an element that is visible\r\n     but: no matching element found by [Caja de Búsqueda (Home) located with: Appiumid: com.google.android.finsky:id/search_bar_hint]\r\n","testFailureSummary":"\r\nThe following 2 assertions failed:\r\n1) Expected: an element that is visible\r\n     but: no matching element found by [Caja de Búsqueda (Home) located with: Appiumid: com.google.android.finsky:id/search_bar_hint]\r\n2) Expected: an element that is visible\r\n     but: no matching element found by [Caja de Búsqueda (Home) located with: Appiumid: com.google.android.finsky:id/search_bar_hint]\r\n","projectKey":"","annotatedResult":"FAILURE","isManualTestingUpToDate":false,"manual":false,"testSource":"Cucumber","actors":[{"name":"Driver User"}],"result":"FAILURE"}