<?xml version="1.0" encoding="UTF-8" standalone="no"?><testsuite errors="0" failures="1" name="Interacción Play Store" skipped="0" tests="1" time="16.21" timestamp="2025-12-09 03:10:37"><testcase name="Descargar Waze"><failure message="&#13;&#10;Expected: an element that is visible&#13;&#10;     but: no matching element found by [Caja de Búsqueda (Home) located with: Appiumid: com.google.android.finsky:id/search_bar_hint]" type="java.lang.AssertionError">&#13;
Expected: an element that is visible&#13;
     but: no matching element found by [Caja de Búsqueda (Home) located with: Appiumid: com.google.android.finsky:id/search_bar_hint]</failure><system-err>&#13;
Expected: an element that is visible&#13;
     but: no matching element found by [Caja de Búsqueda (Home) located with: Appiumid: com.google.android.finsky:id/search_bar_hint]&#13;
co.com.pragma.tasks.DownloadApp.performAs(DownloadApp.java:23)&#13;
co.com.pragma.stepdefinitions.MobileSteps.searchApp(MobileSteps.java:55)&#13;
worker.org.gradle.process.internal.worker.GradleWorkerMain.run(GradleWorkerMain.java:69)&#13;
worker.org.gradle.process.internal.worker.GradleWorkerMain.main(GradleWorkerMain.java:74)&#13;
</system-err></testcase></testsuite>