<?xml version="1.0" encoding="UTF-8" standalone="no"?><testsuite errors="1" failures="0" name="Navegación Web Mobile" skipped="0" tests="1" time="60.01" timestamp="2025-12-10 08:30:21"><testcase name="Navegar en Serebii desde Chrome Mobile"><error message="invalid session id: session deleted as the browser has closed the connection&#10;from disconnected: Unable to receive message from renderer&#10;  (Session info: chrome=133.0.6943.137)&#10;Build info: version: '4.38.0', revision: '6b412e825c*'&#10;System info: os.name: 'Windows 11', os.arch: 'amd64', os.version: '10.0', java.version: '21.0.7'&#10;Driver info: io.appium.java_client.android.AndroidDriver&#10;Command: [7aa93f18-f264-42e5-b538-eb4eaa6499d0, get {url=https://www.serebii.net/}]&#10;Capabilities {appium:automationName: UiAutomator2, appium:chromedriverAutodownload: false, appium:chromedriverExecutable: C:\Estudio\qa-mobile-proyec..., appium:databaseEnabled: false, appium:desired: {appActivity: com.android.chrome/com.goog..., appPackage: com.android.chrome, automationName: UiAutomator2, browserName: Chrome, chromedriverAutodownload: false, chromedriverExecutable: C:\Estudio\qa-mobile-proyec..., deviceName: emulator-5554, newCommandTimeout: 300, platformName: ANDROID}, appium:deviceApiLevel: 36, appium:deviceManufacturer: Google, appium:deviceModel: sdk_gphone64_x86_64, appium:deviceName: emulator-5554, appium:deviceScreenDensity: 480, appium:deviceScreenSize: 1344x2992, appium:deviceUDID: emulator-5554, appium:javascriptEnabled: true, appium:locationContextEnabled: false, appium:networkConnectionEnabled: true, appium:newCommandTimeout: 300, appium:pixelRatio: 3, appium:platformVersion: 16, appium:statBarHeight: 156, appium:takesScreenshot: true, appium:viewportRect: {height: 2836, left: 0, top: 156, width: 1344}, appium:warnings: {}, appium:webStorageEnabled: false, browserName: Chrome, platformName: ANDROID}&#10;Session ID: 7aa93f18-f264-42e5-b538-eb4eaa6499d0" type="org.openqa.selenium.NoSuchSessionException">invalid session id: session deleted as the browser has closed the connection
from disconnected: Unable to receive message from renderer
  (Session info: chrome=133.0.6943.137)
Build info: version: '4.38.0', revision: '6b412e825c*'
System info: os.name: 'Windows 11', os.arch: 'amd64', os.version: '10.0', java.version: '21.0.7'
Driver info: io.appium.java_client.android.AndroidDriver
Command: [7aa93f18-f264-42e5-b538-eb4eaa6499d0, get {url=https://www.serebii.net/}]
Capabilities {appium:automationName: UiAutomator2, appium:chromedriverAutodownload: false, appium:chromedriverExecutable: C:\Estudio\qa-mobile-proyec..., appium:databaseEnabled: false, appium:desired: {appActivity: com.android.chrome/com.goog..., appPackage: com.android.chrome, automationName: UiAutomator2, browserName: Chrome, chromedriverAutodownload: false, chromedriverExecutable: C:\Estudio\qa-mobile-proyec..., deviceName: emulator-5554, newCommandTimeout: 300, platformName: ANDROID}, appium:deviceApiLevel: 36, appium:deviceManufacturer: Google, appium:deviceModel: sdk_gphone64_x86_64, appium:deviceName: emulator-5554, appium:deviceScreenDensity: 480, appium:deviceScreenSize: 1344x2992, appium:deviceUDID: emulator-5554, appium:javascriptEnabled: true, appium:locationContextEnabled: false, appium:networkConnectionEnabled: true, appium:newCommandTimeout: 300, appium:pixelRatio: 3, appium:platformVersion: 16, appium:statBarHeight: 156, appium:takesScreenshot: true, appium:viewportRect: {height: 2836, left: 0, top: 156, width: 1344}, appium:warnings: {}, appium:webStorageEnabled: false, browserName: Chrome, platformName: ANDROID}
Session ID: 7aa93f18-f264-42e5-b538-eb4eaa6499d0</error><system-err>invalid session id: session deleted as the browser has closed the connection
from disconnected: Unable to receive message from renderer
  (Session info: chrome=133.0.6943.137)
Build info: version: '4.38.0', revision: '6b412e825c*'
System info: os.name: 'Windows 11', os.arch: 'amd64', os.version: '10.0', java.version: '21.0.7'
Driver info: io.appium.java_client.android.AndroidDriver
Command: [7aa93f18-f264-42e5-b538-eb4eaa6499d0, get {url=https://www.serebii.net/}]
Capabilities {appium:automationName: UiAutomator2, appium:chromedriverAutodownload: false, appium:chromedriverExecutable: C:\Estudio\qa-mobile-proyec..., appium:databaseEnabled: false, appium:desired: {appActivity: com.android.chrome/com.goog..., appPackage: com.android.chrome, automationName: UiAutomator2, browserName: Chrome, chromedriverAutodownload: false, chromedriverExecutable: C:\Estudio\qa-mobile-proyec..., deviceName: emulator-5554, newCommandTimeout: 300, platformName: ANDROID}, appium:deviceApiLevel: 36, appium:deviceManufacturer: Google, appium:deviceModel: sdk_gphone64_x86_64, appium:deviceName: emulator-5554, appium:deviceScreenDensity: 480, appium:deviceScreenSize: 1344x2992, appium:deviceUDID: emulator-5554, appium:javascriptEnabled: true, appium:locationContextEnabled: false, appium:networkConnectionEnabled: true, appium:newCommandTimeout: 300, appium:pixelRatio: 3, appium:platformVersion: 16, appium:statBarHeight: 156, appium:takesScreenshot: true, appium:viewportRect: {height: 2836, left: 0, top: 156, width: 1344}, appium:warnings: {}, appium:webStorageEnabled: false, browserName: Chrome, platformName: ANDROID}
Session ID: 7aa93f18-f264-42e5-b538-eb4eaa6499d0&#13;
io.appium.java_client.remote.AppiumCommandExecutor.execute(AppiumCommandExecutor.java:243)&#13;
co.com.pragma.tasks.NavigateTo.performAs(NavigateTo.java:24)&#13;
co.com.pragma.stepdefinitions.MobileStepsWeb.navigateSerebii(MobileSteps.java:41)&#13;
✽.ingresa a la pagina de serebii(classpath:features/serebii.feature:6)&#13;
</system-err></testcase></testsuite>