<?xml version="1.0" encoding="UTF-8" standalone="no"?><testsuite errors="1" failures="0" name="Interacción Play Store" skipped="0" tests="1" time="30.41" timestamp="2025-12-04 01:12:28"><testcase name="Descargar Waze"><error message="After several attempts, could not instantiate new WebDriver instance of type class io.appium.java_client.AppiumDriver (The browser under test or path to the app or (appPackage and appActivity) needs to be provided in the appium.app or appium.browserName property.). See below for more details." type="net.thucydides.core.webdriver.DriverConfigurationError">After several attempts, could not instantiate new WebDriver instance of type class io.appium.java_client.AppiumDriver (The browser under test or path to the app or (appPackage and appActivity) needs to be provided in the appium.app or appium.browserName property.). See below for more details.</error><system-err>After several attempts, could not instantiate new WebDriver instance of type class io.appium.java_client.AppiumDriver (The browser under test or path to the app or (appPackage and appActivity) needs to be provided in the appium.app or appium.browserName property.). See below for more details.&#13;
co.com.pragma.stepdefinitions.MobileSteps.prepareStore(MobileSteps.java:50)&#13;
worker.org.gradle.process.internal.worker.GradleWorkerMain.run(GradleWorkerMain.java:69)&#13;
worker.org.gradle.process.internal.worker.GradleWorkerMain.main(GradleWorkerMain.java:74)&#13;
</system-err></testcase></testsuite>